<?xml version="1.0" encoding="UTF-8"?>
<!-- Generated by org.testng.reporters.JUnitReportReporter -->
<testsuite hostname="LAPTOP-46H68OOI" failures="0" tests="3" name="testNG.Priority" time="5.702" errors="0" timestamp="2022-09-19T17:00:07 IST" skipped="0">
  <testcase classname="testNG.Priority" name="googleURL" time="1.139"/>
  <system-out/>
  <testcase classname="testNG.Priority" name="googleSearch" time="2.515"/>
  <system-out/>
  <testcase classname="testNG.Priority" name="googleClickImage" time="2.048"/>
  <system-out/>
</testsuite> <!-- testNG.Priority -->
