<?xml version="1.0" encoding="UTF-8"?>
<!-- Generated by org.testng.reporters.JUnitReportReporter -->
<testsuite hostname="LAPTOP-46H68OOI" failures="0" tests="1" name="advancedFeatures.SelectDropDownValues" time="8.825" errors="0" timestamp="2022-09-20T17:21:27 IST" skipped="0">
  <testcase classname="advancedFeatures.SelectDropDownValues" name="dropDownValues" time="8.825"/>
  <system-out/>
</testsuite> <!-- advancedFeatures.SelectDropDownValues -->
