<?xml version="1.0" encoding="UTF-8"?>
<!-- Generated by org.testng.reporters.JUnitReportReporter -->
<testsuite hostname="LAPTOP-46H68OOI" failures="0" tests="6" name="testNG.enabledFalseorTrue" time="5.918" errors="0" timestamp="2022-09-19T17:10:41 IST" skipped="2">
  <testcase classname="testNG.enabledFalseorTrue" name="googleURL" time="1.146"/>
  <system-out/>
  <testcase classname="testNG.enabledFalseorTrue" name="googleSearch" time="2.071"/>
  <system-out/>
  <testcase classname="testNG.enabledFalseorTrue" name="googleClickImage" time="1.469"/>
  <system-out/>
  <testcase classname="testNG.enabledFalseorTrue" name="seleniuimdev" time="1.232"/>
  <system-out/>
  <testcase classname="testNG.enabledFalseorTrue" name="twitterURL">
    <skipped/>
  </testcase> <!-- twitterURL -->
  <system-out/>
  <testcase classname="testNG.enabledFalseorTrue" name="facebookURL">
    <skipped/>
  </testcase> <!-- facebookURL -->
  <system-out/>
</testsuite> <!-- testNG.enabledFalseorTrue -->
