<?xml version="1.0" encoding="UTF-8"?>
<!-- Generated by org.testng.reporters.JUnitReportReporter -->
<testsuite hostname="LAPTOP-46H68OOI" failures="0" tests="2" name="testNG.DependsOnMethod" time="3.701" errors="0" timestamp="2022-09-20T16:50:06 IST" skipped="0">
  <testcase classname="testNG.DependsOnMethod" name="method2" time="1.576"/>
  <system-out/>
  <testcase classname="testNG.DependsOnMethod" name="method1" time="2.125"/>
  <system-out/>
</testsuite> <!-- testNG.DependsOnMethod -->
