<?xml version="1.0" encoding="UTF-8"?>
<!-- Generated by org.testng.reporters.JUnitReportReporter -->
<testsuite hostname="LAPTOP-46H68OOI" failures="0" tests="3" name="testNG.TestNGXML" time="5.497" errors="0" timestamp="2022-09-20T16:48:14 IST" skipped="0">
  <testcase classname="testNG.TestNGXML" name="googleURL" time="1.607"/>
  <system-out/>
  <testcase classname="testNG.TestNGXML" name="googleSearch" time="2.023"/>
  <system-out/>
  <testcase classname="testNG.TestNGXML" name="googleClickImage" time="1.867"/>
  <system-out/>
</testsuite> <!-- testNG.TestNGXML -->
